<?xml version="1.0" encoding="UTF-8"?>
<!-- Generated by org.testng.reporters.JUnitReportReporter -->
<testsuite hostname="DESKTOP-DK52L2S" failures="0" tests="1" name="com.automationproject.testCases.Tc_FilterByCategory_15" time="14.572" errors="0" timestamp="2022-08-28T06:05:35 PKT" skipped="0">
  <testcase classname="com.automationproject.testCases.Tc_FilterByCategory_15" name="filterByCategory" time="14.572"/>
  <system-out/>
</testsuite> <!-- com.automationproject.testCases.Tc_FilterByCategory_15 -->
