<?xml version="1.0" encoding="UTF-8"?>
<!-- Generated by org.testng.reporters.JUnitReportReporter -->
<testsuite hostname="DESKTOP-DK52L2S" failures="0" tests="1" name="com.automationproject.testCases.Tc_SortByHighToLow_17" time="13.424" errors="0" timestamp="2022-08-29T06:46:53 PKT" skipped="0">
  <testcase classname="com.automationproject.testCases.Tc_SortByHighToLow_17" name="filterByHighToLow" time="13.424"/>
  <system-out/>
</testsuite> <!-- com.automationproject.testCases.Tc_SortByHighToLow_17 -->
