<?xml version="1.0" encoding="UTF-8"?>
<!-- Generated by org.testng.reporters.JUnitReportReporter -->
<testsuite hostname="DESKTOP-DK52L2S" failures="0" tests="1" name="com.automationproject.testCases.Tc_RegisterWithEmptyEmail_11" time="10.862" errors="0" timestamp="2022-08-25T06:03:12 PKT" skipped="0">
  <testcase classname="com.automationproject.testCases.Tc_RegisterWithEmptyEmail_11" name="registerWithEmptyEmail" time="10.862"/>
  <system-out/>
</testsuite> <!-- com.automationproject.testCases.Tc_RegisterWithEmptyEmail_11 -->
