<?xml version="1.0" encoding="UTF-8"?>
<!-- Generated by org.testng.reporters.JUnitReportReporter -->
<testsuite hostname="DESKTOP-DK52L2S" failures="0" tests="1" name="com.automationproject.testCases.Tc_ReadButton_18" time="39.085" errors="0" timestamp="2022-08-30T06:23:22 PKT" skipped="0">
  <testcase classname="com.automationproject.testCases.Tc_ReadButton_18" name="readButton" time="39.085"/>
  <system-out/>
</testsuite> <!-- com.automationproject.testCases.Tc_ReadButton_18 -->
