<?xml version="1.0" encoding="UTF-8"?>
<!-- Generated by org.testng.reporters.JUnitReportReporter -->
<testsuite skipped="0" hostname="DESKTOP-DK52L2S" name="com.automationproject.testCases.Tc_LoginTest_08" tests="1" failures="0" timestamp="2022-08-24T16:45:36 PKT" time="13.513" errors="0">
  <testcase name="loginTestAuthentication" time="13.513" classname="com.automationproject.testCases.Tc_LoginTest_08"/>
  <system-out/>
</testsuite> <!-- com.automationproject.testCases.Tc_LoginTest_08 -->
