<?xml version="1.0" encoding="UTF-8"?>
<!-- Generated by org.testng.reporters.JUnitReportReporter -->
<testsuite skipped="0" hostname="DESKTOP-DK52L2S" name="com.automationproject.testCases.Tc_LoginTest_04" tests="1" failures="0" timestamp="2022-08-24T16:45:36 PKT" time="9.912" errors="0">
  <testcase name="loginTestWithEmptyUsername" time="9.912" classname="com.automationproject.testCases.Tc_LoginTest_04"/>
  <system-out/>
</testsuite> <!-- com.automationproject.testCases.Tc_LoginTest_04 -->
