<?xml version="1.0" encoding="UTF-8"?>
<!-- Generated by org.testng.reporters.JUnitReportReporter -->
<testsuite hostname="DESKTOP-DK52L2S" failures="0" tests="1" name="com.automationproject.testCases.Tc_FilterByPrice_14" time="27.879" errors="0" timestamp="2022-08-26T23:29:03 PKT" skipped="0">
  <testcase classname="com.automationproject.testCases.Tc_FilterByPrice_14" name="filterByPrice" time="27.879"/>
  <system-out/>
</testsuite> <!-- com.automationproject.testCases.Tc_FilterByPrice_14 -->
