<?xml version="1.0" encoding="UTF-8"?>
<!-- Generated by org.testng.reporters.JUnitReportReporter -->
<testsuite hostname="DESKTOP-DK52L2S" failures="0" tests="1" name="com.automationproject.testCases.Tc_RegisterWithEmptyPassword_12" time="8.167" errors="0" timestamp="2022-08-25T06:03:12 PKT" skipped="0">
  <testcase classname="com.automationproject.testCases.Tc_RegisterWithEmptyPassword_12" name="registerWithEmptyPassword" time="8.167"/>
  <system-out/>
</testsuite> <!-- com.automationproject.testCases.Tc_RegisterWithEmptyPassword_12 -->
